<?xml version="1.0" encoding="UTF-8"?>
<testng-results ignored="0" total="1" passed="1" failed="0" skipped="0">
  <reporter-output>
  </reporter-output>
  <suite started-at="2024-11-26T10:59:35 IST" name="Default suite" finished-at="2024-11-26T10:59:39 IST" duration-ms="4294">
    <groups>
    </groups>
    <test started-at="2024-11-26T10:59:35 IST" name="Default test" finished-at="2024-11-26T10:59:39 IST" duration-ms="4294">
      <class name="github.CRUDOperations.CreateUpdateAndDeleteTest">
        <test-method is-config="true" signature="beforeClass()[pri:0, instance:github.CRUDOperations.CreateUpdateAndDeleteTest@55182842]" started-at="2024-11-26T10:59:35 IST" name="beforeClass" finished-at="2024-11-26T10:59:35 IST" duration-ms="13" status="PASS">
          <reporter-output>
          </reporter-output>
        </test-method> <!-- beforeClass -->
        <test-method is-config="true" signature="beforeMethod()[pri:0, instance:github.CRUDOperations.CreateUpdateAndDeleteTest@55182842]" started-at="2024-11-26T10:59:35 IST" name="beforeMethod" finished-at="2024-11-26T10:59:35 IST" duration-ms="258" status="PASS">
          <reporter-output>
          </reporter-output>
        </test-method> <!-- beforeMethod -->
        <test-method signature="createUpdateDeleteRepo()[pri:0, instance:github.CRUDOperations.CreateUpdateAndDeleteTest@55182842]" started-at="2024-11-26T10:59:35 IST" name="createUpdateDeleteRepo" finished-at="2024-11-26T10:59:39 IST" duration-ms="3967" status="PASS">
          <reporter-output>
          </reporter-output>
        </test-method> <!-- createUpdateDeleteRepo -->
        <test-method is-config="true" signature="afterMethod()[pri:0, instance:github.CRUDOperations.CreateUpdateAndDeleteTest@55182842]" started-at="2024-11-26T10:59:39 IST" name="afterMethod" finished-at="2024-11-26T10:59:39 IST" duration-ms="1" status="PASS">
          <reporter-output>
          </reporter-output>
        </test-method> <!-- afterMethod -->
        <test-method is-config="true" signature="afterClass()[pri:0, instance:github.CRUDOperations.CreateUpdateAndDeleteTest@55182842]" started-at="2024-11-26T10:59:39 IST" name="afterClass" finished-at="2024-11-26T10:59:39 IST" duration-ms="1" status="PASS">
          <reporter-output>
          </reporter-output>
        </test-method> <!-- afterClass -->
      </class> <!-- github.CRUDOperations.CreateUpdateAndDeleteTest -->
    </test> <!-- Default test -->
  </suite> <!-- Default suite -->
</testng-results>
