<?xml version="1.0" encoding="UTF-8"?>
<testng-results ignored="0" total="1" passed="1" failed="0" skipped="0">
  <reporter-output>
  </reporter-output>
  <suite started-at="2024-11-23T10:07:06 IST" name="Default suite" finished-at="2024-11-23T10:07:06 IST" duration-ms="208">
    <groups>
    </groups>
    <test started-at="2024-11-23T10:07:06 IST" name="Default test" finished-at="2024-11-23T10:07:06 IST" duration-ms="208">
      <class name="serializationAndDeserialization.DeserializationTest">
        <test-method signature="deserialization()[pri:0, instance:serializationAndDeserialization.DeserializationTest@2f9f7dcf]" started-at="2024-11-23T10:07:06 IST" name="deserialization" finished-at="2024-11-23T10:07:06 IST" duration-ms="166" status="PASS">
          <reporter-output>
          </reporter-output>
        </test-method> <!-- deserialization -->
      </class> <!-- serializationAndDeserialization.DeserializationTest -->
    </test> <!-- Default test -->
  </suite> <!-- Default suite -->
</testng-results>
